<?xml version="1.0" encoding="UTF-8"?>
<!-- Generated by org.testng.reporters.JUnitReportReporter -->
<testsuite skipped="0" hostname="DESKTOP-KCI8RQB" name="TestNg.Annotations" tests="1" failures="0" timestamp="14 Jun 2020 09:02:16 GMT" time="0.016" errors="0">
  <testcase name="m1" time="0.016" classname="TestNg.Annotations"/>
</testsuite> <!-- TestNg.Annotations -->
