<?xml version="1.0" encoding="UTF-8"?>
<!-- Generated by org.testng.reporters.JUnitReportReporter -->
<testsuite skipped="0" hostname="DESKTOP-KCI8RQB" name="TestNg.Annotations" tests="2" failures="0" timestamp="13 Jun 2020 17:00:30 GMT" time="0.026" errors="0">
  <testcase name="m3" time="0.012" classname="TestNg.Annotations"/>
  <testcase name="m1" time="0.014" classname="TestNg.Annotations"/>
</testsuite> <!-- TestNg.Annotations -->
